\BOOKMARK [1][-]{section.1}{\376\377\133\236\232\214\166\356\166\204}{}% 1
\BOOKMARK [1][-]{section.2}{\376\377\133\236\232\214\127\372\147\054\123\237\164\006}{}% 2
\BOOKMARK [2][-]{subsection.2.1}{\376\377\137\303\165\065\117\341\123\367\162\171\140\047\116\016\156\344\154\342\227\000\154\102}{section.2}% 3
\BOOKMARK [2][-]{subsection.2.2}{\376\377\145\160\133\127\156\344\154\342\126\150\213\276\213\241\116\016\136\224\165\050}{section.2}% 4
\BOOKMARK [3][-]{subsubsection.2.2.1}{\376\377\117\116\220\032\156\344\154\342\126\150}{subsection.2.2}% 5
\BOOKMARK [3][-]{subsubsection.2.2.2}{\376\377\136\046\226\073\156\344\154\342\126\150}{subsection.2.2}% 6
\BOOKMARK [3][-]{subsubsection.2.2.3}{\376\377\232\330\220\032\156\344\154\342\126\150}{subsection.2.2}% 7
\BOOKMARK [2][-]{subsection.2.3}{\376\377\000I\000I\000R\116\016\000F\000I\000R\156\344\154\342\126\150\166\204\133\236\163\260}{section.2}% 8
\BOOKMARK [3][-]{subsubsection.2.3.1}{\376\377\000I\000I\000R\156\344\154\342\126\150\213\276\213\241}{subsection.2.3}% 9
\BOOKMARK [3][-]{subsubsection.2.3.2}{\376\377\000F\000I\000R\156\344\154\342\126\150\213\276\213\241}{subsection.2.3}% 10
\BOOKMARK [1][-]{section.3}{\376\377\133\236\232\214\211\201\154\102}{}% 11
\BOOKMARK [1][-]{section.4}{\376\377\133\236\232\214\176\323\147\234\116\016\122\006\147\220}{}% 12
\BOOKMARK [2][-]{subsection.4.1}{\376\377\230\230\166\356\0001\000:\137\303\165\065\117\341\123\367\145\366\127\337\146\076\171\072}{section.4}% 13
\BOOKMARK [2][-]{subsection.4.2}{\376\377\230\230\166\356\0002\377\032\145\160\133\127\117\116\220\032\156\344\154\342\123\273\226\144\166\175\126\152\227\363}{section.4}% 14
\BOOKMARK [2][-]{subsection.4.3}{\376\377\230\230\166\356\0003\000:\0005\0000\000H\000Z\135\345\230\221\000I\000I\000R\226\167\154\342\155\210\226\144}{section.4}% 15
\BOOKMARK [2][-]{subsection.4.4}{\376\377\230\230\166\356\0004\000:\232\330\220\032\156\344\154\342\126\150\155\210\226\144\127\372\176\277\157\002\171\373}{section.4}% 16
\BOOKMARK [1][-]{section.5}{\376\377\133\236\232\214\134\017\176\323}{}% 17
\BOOKMARK [2][-]{subsection.5.1}{\376\377\145\160\133\127\156\344\154\342\126\150\213\276\213\241\116\016\136\224\165\050}{section.5}% 18
\BOOKMARK [2][-]{subsection.5.2}{\376\377\137\303\165\065\117\341\123\367\131\004\164\006\166\204\133\236\215\365\176\317\232\214}{section.5}% 19
\BOOKMARK [2][-]{subsection.5.3}{\376\377\135\345\172\013\133\236\215\365\141\017\116\111}{section.5}% 20
