\BOOKMARK [1][-]{section.1}{\376\377\133\236\232\214\166\356\166\204}{}% 1
\BOOKMARK [1][-]{section.2}{\376\377\133\236\232\214\127\372\147\054\123\237\164\006}{}% 2
\BOOKMARK [2][-]{subsection.2.1}{\376\377\133\236\232\214\116\000\377\032\176\277\140\047\123\167\171\357\116\016\127\006\124\150\123\167\171\357\166\204\213\241\173\227}{section.2}% 3
\BOOKMARK [3][-]{subsubsection.2.1.1}{\376\377\176\277\140\047\123\167\171\357}{subsection.2.1}% 4
\BOOKMARK [3][-]{subsubsection.2.1.2}{\376\377\127\006\124\150\123\167\171\357}{subsection.2.1}% 5
\BOOKMARK [2][-]{subsection.2.2}{\376\377\133\236\232\214\116\011\377\032\122\051\165\050\000F\000F\000T\133\236\163\260\176\277\140\047\123\167\171\357}{section.2}% 6
\BOOKMARK [3][-]{subsubsection.2.2.1}{\376\377\123\167\171\357\133\232\164\006}{subsection.2.2}% 7
\BOOKMARK [3][-]{subsubsection.2.2.2}{\376\377\000F\000F\000T\133\236\163\260\176\277\140\047\123\167\171\357\166\204\153\145\232\244}{subsection.2.2}% 8
\BOOKMARK [3][-]{subsubsection.2.2.3}{\376\377\147\054\133\236\232\214\123\237\164\006}{subsection.2.2}% 9
\BOOKMARK [1][-]{section.3}{\376\377\133\236\232\214\211\201\154\102\123\312\121\205\133\271}{}% 10
\BOOKMARK [2][-]{subsection.3.1}{\376\377\133\236\232\214\116\000}{section.3}% 11
\BOOKMARK [2][-]{subsection.3.2}{\376\377\133\236\232\214\116\011}{section.3}% 12
\BOOKMARK [1][-]{section.4}{\376\377\133\236\232\214\176\323\147\234\116\016\122\006\147\220}{}% 13
\BOOKMARK [2][-]{subsection.4.1}{\376\377\133\236\232\214\116\000}{section.4}% 14
\BOOKMARK [3][-]{subsubsection.4.1.1}{\376\377\116\343\170\001\133\236\163\260}{subsection.4.1}% 15
\BOOKMARK [3][-]{subsubsection.4.1.2}{\376\377\145\110\147\234\134\125\171\072}{subsection.4.1}% 16
\BOOKMARK [2][-]{subsection.4.2}{\376\377\133\236\232\214\116\011}{section.4}% 17
\BOOKMARK [3][-]{subsubsection.4.2.1}{\376\377\116\343\170\001\133\236\163\260}{subsection.4.2}% 18
\BOOKMARK [3][-]{subsubsection.4.2.2}{\376\377\145\110\147\234\134\125\171\072}{subsection.4.2}% 19
\BOOKMARK [1][-]{section.5}{\376\377\133\236\232\214\134\017\176\323}{}% 20
